2016-11-27T19:53:24.821+0100 I CONTROL  [main] Trying to install Windows service 'MongoDB'
2016-11-27T19:53:24.822+0100 I CONTROL  [main] There is already a service named 'MongoDB', sleeping and retrying
2016-11-27T19:53:52.508+0100 I CONTROL  [main] ***** SERVER RESTARTED *****
2016-11-27T19:53:52.889+0100 I CONTROL  [main] Trying to start Windows service 'MongoDB'
2016-11-27T19:53:52.891+0100 I STORAGE  [thread1] Service running
2016-11-27T19:53:52.891+0100 I CONTROL  [initandlisten] MongoDB starting : pid=7944 port=27017 dbpath=D:\ProjectsUCN\FestiPals\festipals\mongodb\data\db 64-bit host=Emett
2016-11-27T19:53:52.892+0100 I CONTROL  [initandlisten] targetMinOS: Windows 7/Windows Server 2008 R2
2016-11-27T19:53:52.892+0100 I CONTROL  [initandlisten] db version v3.2.11
2016-11-27T19:53:52.895+0100 I CONTROL  [initandlisten] git version: 009580ad490190ba33d1c6253ebd8d91808923e4
2016-11-27T19:53:52.895+0100 I CONTROL  [initandlisten] OpenSSL version: OpenSSL 1.0.1t-fips  3 May 2016
2016-11-27T19:53:52.895+0100 I CONTROL  [initandlisten] allocator: tcmalloc
2016-11-27T19:53:52.895+0100 I CONTROL  [initandlisten] modules: none
2016-11-27T19:53:52.895+0100 I CONTROL  [initandlisten] build environment:
2016-11-27T19:53:52.895+0100 I CONTROL  [initandlisten]     distmod: 2008plus-ssl
2016-11-27T19:53:52.895+0100 I CONTROL  [initandlisten]     distarch: x86_64
2016-11-27T19:53:52.895+0100 I CONTROL  [initandlisten]     target_arch: x86_64
2016-11-27T19:53:52.895+0100 I CONTROL  [initandlisten] options: { net: { http: { RESTInterfaceEnabled: true, enabled: true } }, service: true, storage: { dbPath: "D:\ProjectsUCN\FestiPals\festipals\mongodb\data\db", directoryPerDB: true }, systemLog: { destination: "file", logAppend: true, path: "D:\ProjectsUCN\FestiPals\festipals\mongodb\log\mongo.log" } }
2016-11-27T19:53:52.897+0100 I STORAGE  [initandlisten] wiredtiger_open config: create,cache_size=4G,session_max=20000,eviction=(threads_max=4),config_base=false,statistics=(fast),log=(enabled=true,archive=true,path=journal,compressor=snappy),file_manager=(close_idle_time=100000),checkpoint=(wait=60,log_size=2GB),statistics_log=(wait=0),
2016-11-27T19:53:53.002+0100 I NETWORK  [websvr] admin web console waiting for connections on port 28017
2016-11-27T19:53:53.003+0100 I NETWORK  [HostnameCanonicalizationWorker] Starting hostname canonicalization worker
2016-11-27T19:53:53.004+0100 I FTDC     [initandlisten] Initializing full-time diagnostic data capture with directory 'D:/ProjectsUCN/FestiPals/festipals/mongodb/data/db/diagnostic.data'
2016-11-27T19:53:53.019+0100 I NETWORK  [initandlisten] waiting for connections on port 27017
2016-11-27T19:54:18.416+0100 I NETWORK  [initandlisten] connection accepted from 127.0.0.1:61925 #1 (1 connection now open)
2016-11-27T19:57:57.224+0100 I COMMAND  [conn1] command FestipalsDB.$cmd command: createUser { createUser: "admin", pwd: "xxx", roles: [ "readWrite", "dbAdmin" ], digestPassword: false, writeConcern: { w: "majority", wtimeout: 30000.0 } } keyUpdates:0 writeConflicts:0 numYields:0 reslen:22 locks:{ Global: { acquireCount: { r: 4, w: 4 } }, Database: { acquireCount: { W: 4 } }, Collection: { acquireCount: { w: 1 } } } protocol:op_command 150ms
2016-11-27T20:11:01.812+0100 I NETWORK  [conn1] end connection 127.0.0.1:61925 (0 connections now open)
2016-11-27T20:11:56.520+0100 I CONTROL  [serviceShutdown] got SERVICE_CONTROL_STOP request from Windows Service Control Manager, will terminate after current cmd ends
2016-11-27T20:11:56.527+0100 I FTDC     [serviceStopWorker] Shutting down full-time diagnostic data capture
2016-11-27T20:11:56.550+0100 I CONTROL  [serviceStopWorker] now exiting
2016-11-27T20:11:56.550+0100 I NETWORK  [serviceStopWorker] shutdown: going to close listening sockets...
2016-11-27T20:11:56.550+0100 I NETWORK  [serviceStopWorker] closing listening socket: 552
2016-11-27T20:11:56.551+0100 I NETWORK  [serviceStopWorker] closing listening socket: 556
2016-11-27T20:11:56.551+0100 I NETWORK  [serviceStopWorker] shutdown: going to flush diaglog...
2016-11-27T20:11:56.551+0100 I NETWORK  [serviceStopWorker] shutdown: going to close sockets...
2016-11-27T20:11:56.551+0100 I STORAGE  [serviceStopWorker] WiredTigerKVEngine shutting down
2016-11-27T20:11:56.900+0100 I STORAGE  [serviceStopWorker] shutdown: removing fs lock...
2016-11-27T20:11:56.900+0100 I CONTROL  [serviceStopWorker] dbexit:  rc: 49
